 
Starting batch on Fri 07/28/17  0:04:09.20  
32-bit Metric file copy to AZ082UA0030H2W at  0:06:00.95 completed with no errors. 
32-bit MeTest file copy to AZ082UA0030H2W at  0:07:05.84 completed with no errors. 
32-bit Metric file copy to AZ082UA01011SY at  0:08:20.42 completed with no errors. 
32-bit MeTest file copy to AZ082UA01011SY at  0:09:18.80 completed with no errors. 
32-bit Metric file copy to AZ082UA01512Z1 at  0:10:31.02 completed with no errors. 
32-bit MeTest file copy to AZ082UA01512Z1 at  0:11:30.49 completed with no errors. 
64-bit Metric file copy to AZ082UA023206D at  0:12:44.75 completed with no errors. 
64-bit MeTest file copy to AZ082UA023206D at  0:13:42.08 completed with no errors. 
32-bit Metric file copy to AZ082UA02402TF at  0:14:56.02 completed with no errors. 
32-bit MeTest file copy to AZ082UA02402TF at  0:15:53.65 completed with no errors. 
64-bit Metric file copy to AZ082UA0320GCC at  0:17:07.01 completed with no errors. 
64-bit MeTest file copy to AZ082UA0320GCC at  0:18:08.60 completed with no errors. 
32-bit Metric file copy to AZ082UA0421Y8M2 at  0:19:18.44 completed with no errors. 
32-bit MeTest file copy to AZ082UA0421Y8M2 at  0:20:14.52 completed with no errors. 
64-bit Metric file copy to AZ082UA3411W6H at  0:21:21.34 completed with no errors. 
64-bit MeTest file copy to AZ082UA3411W6H at  0:22:16.38 completed with no errors. 
64-bit Metric file copy to AZ082UA3411W6Q at  0:23:31.65 completed with no errors. 
64-bit MeTest file copy to AZ082UA3411W6Q at  0:24:31.13 completed with no errors. 
32-bit Metric file copy to AZ082UA9251PHH at  0:25:46.81 completed with no errors. 
32-bit MeTest file copy to AZ082UA9251PHH at  0:26:49.23 completed with no errors. 
64-bit Metric file copy to AZ082UA92600ZM at  0:28:02.29 completed with no errors. 
64-bit MeTest file copy to AZ082UA92600ZM at  0:28:59.73 completed with no errors. 
32-bit Metric file copy to AZ082UA92609HR at  0:30:13.27 completed with no errors. 
32-bit MeTest file copy to AZ082UA92609HR at  0:31:17.89 completed with no errors. 
32-bit Metric file copy to AZ08MXL0080CZP at  0:32:29.43 completed with no errors. 
32-bit MeTest file copy to AZ08MXL0080CZP at  0:33:28.37 completed with no errors. 
32-bit Metric file copy to AZ08MXL01116TN at  0:34:43.54 completed with no errors. 
32-bit MeTest file copy to AZ08MXL01116TN at  0:35:43.72 completed with no errors. 
64-bit Metric file copy to AZ08MXL0151Z6K at  0:36:54.94 completed with no errors. 
64-bit MeTest file copy to AZ08MXL0151Z6K at  0:37:55.24 completed with no errors. 
64-bit Metric file copy to AZ08MXL0351JK6 at  0:39:11.12 completed with no errors. 
64-bit MeTest file copy to AZ08MXL0351JK6 at  0:40:13.48 completed with no errors. 
32-bit Metric file copy to AZ08MXL0481GFV at  0:41:28.40 completed with no errors. 
32-bit MeTest file copy to AZ08MXL0481GFV at  0:42:29.79 completed with no errors. 
64-bit Metric file copy to AZ08MXL1230HLH at  0:43:42.22 completed with no errors. 
64-bit MeTest file copy to AZ08MXL1230HLH at  0:44:40.99 completed with no errors. 
64-bit Metric file copy to AZ08MXL1230J75 at  0:45:51.59 completed with no errors. 
64-bit MeTest file copy to AZ08MXL1230J75 at  0:46:49.76 completed with no errors. 
64-bit Metric file copy to AZ08MXL1251H69 at  0:47:58.18 completed with no errors. 
64-bit MeTest file copy to AZ08MXL1251H69 at  0:48:58.29 completed with no errors. 
32-bit Metric file copy to AZ08MXL24709VR at  0:50:13.15 completed with no errors. 
32-bit MeTest file copy to AZ08MXL24709VR at  0:51:13.17 completed with no errors. 
32-bit Metric file copy to AZ08MXL2470BG5 at  0:52:26.47 completed with no errors. 
32-bit MeTest file copy to AZ08MXL2470BG5 at  0:53:26.46 completed with no errors. 
32-bit Metric file copy to AZ08MXL9210HKT at  0:54:46.24 completed with no errors. 
32-bit MeTest file copy to AZ08MXL9210HKT at  0:55:50.61 completed with no errors. 
64-bit Metric file copy to AZ08MXL9220W66 at  0:57:03.90 completed with no errors. 
64-bit MeTest file copy to AZ08MXL9220W66 at  0:58:03.93 completed with no errors. 
Finished processing at  0:58:03.94 
 
Starting batch on Sat 07/29/17  2:33:07.25 (Updating Icons only) 
32-bit Metric file copy to AZ082UA0030H2W at  2:33:08.26  
32-bit MeTest file copy to AZ082UA0030H2W at  2:33:08.99  
32-bit Metric file copy to AZ082UA01011SY at  2:33:10.07  
32-bit MeTest file copy to AZ082UA01011SY at  2:33:10.78  
32-bit Metric file copy to AZ082UA01512Z1 at  2:33:11.78  
32-bit MeTest file copy to AZ082UA01512Z1 at  2:33:12.43  
64-bit Metric file copy to AZ082UA023206D at  2:33:13.41  
64-bit MeTest file copy to AZ082UA023206D at  2:33:14.05  
32-bit Metric file copy to AZ082UA02402TF at  2:33:15.00  
32-bit MeTest file copy to AZ082UA02402TF at  2:33:15.67  
64-bit Metric file copy to AZ082UA0320GCC at  2:33:17.01  
64-bit MeTest file copy to AZ082UA0320GCC at  2:33:17.65  
32-bit Metric file copy to AZ082UA0421Y8M2 at  2:33:18.59  
32-bit MeTest file copy to AZ082UA0421Y8M2 at  2:33:19.25  
64-bit Metric file copy to AZ082UA3411W6H at  2:33:20.43  
64-bit MeTest file copy to AZ082UA3411W6H at  2:33:21.07  
64-bit Metric file copy to AZ082UA3411W6Q at  2:33:21.97  
64-bit MeTest file copy to AZ082UA3411W6Q at  2:33:22.72  
32-bit Metric file copy to AZ082UA9251PHH at  2:33:23.95  
32-bit MeTest file copy to AZ082UA9251PHH at  2:33:24.62  
64-bit Metric file copy to AZ082UA92600ZM at  2:33:25.64  
64-bit MeTest file copy to AZ082UA92600ZM at  2:33:26.36  
32-bit Metric file copy to AZ082UA92609HR at  2:33:27.29  
32-bit MeTest file copy to AZ082UA92609HR at  2:33:28.03  
32-bit Metric file copy to AZ08MXL0080CZP at  2:33:30.08  
32-bit MeTest file copy to AZ08MXL0080CZP at  2:33:30.75  
32-bit Metric file copy to AZ08MXL01116TN at  2:33:32.48  
32-bit MeTest file copy to AZ08MXL01116TN at  2:33:33.19  
64-bit Metric file copy to AZ08MXL0151Z6K at  2:33:34.73  
64-bit MeTest file copy to AZ08MXL0151Z6K at  2:33:35.39  
64-bit Metric file copy to AZ08MXL0351JK6 at  2:33:37.07  
64-bit MeTest file copy to AZ08MXL0351JK6 at  2:33:37.72  
32-bit Metric file copy to AZ08MXL0481GFV at  2:33:39.62  
32-bit MeTest file copy to AZ08MXL0481GFV at  2:33:40.27  
Finished processing at  2:33:40.69 
