 
Starting batch on Thu 07/27/17 17:10:12.65  
 
Starting batch on Thu 07/27/17 17:10:48.01  
32-bit HDTest file copy to AZ122UA01012Y1 at 17:11:58.27 completed with no errors. 
32-bit Harley file copy to AZ122UA01012Y1 at 17:12:11.74 completed with no errors. 
32-bit Harley file copy to AZ122UA71810K0 at 17:14:10.99 completed with no errors. 
32-bit HDTest file copy to AZ122UA71810K0 at 17:14:15.16 completed with no errors. 
32-bit Harley file copy to AZ122UA8220FJ4 at 17:16:10.43 completed with no errors. 
32-bit HDTest file copy to AZ122UA8220FJ4 at 17:16:13.36 completed with no errors. 
 
Starting batch on Thu 07/27/17 17:30:09.21  
32-bit HDTest file copy to AZ122UA01012Y1 at 17:30:31.07 completed with no changes (files identical) 
 
Starting batch on Thu 07/27/17 17:30:39.94  
32-bit Harley file copy to AZ122UA9261SZY at 17:32:00.11 completed with no changes (files identical) 
32-bit Harley file copy to AZ12MXL02416CX at 17:32:11.01 completed with no changes (files identical) 
32-bit HDTest file copy to AZ12MXL2011BJS at 17:33:47.52 completed with no errors. 
32-bit Harley file copy to AZ12MXL2011BJS at 17:33:50.10 completed with no errors. 
32-bit HDTest file copy to AZ12MXL2331FMT at 17:35:04.66 completed with no errors. 
32-bit HDTest file copy to AZ12MXL9281G6H at 17:36:18.59 completed with no errors. 
Finished processing at 17:36:18.59 
 
Starting batch on Thu 07/27/17 17:41:01.94  
 
Starting batch on Thu 07/27/17 17:41:19.19  
32-bit HDTest file copy to AZ122UA01012Y1 at 17:41:22.11 completed with no changes (files identical) 
32-bit HDTest file copy to AZ122UA71810K0 at 17:41:39.82 completed with no changes (files identical) 
32-bit HDTest file copy to AZ122UA8220FJ4 at 17:41:53.19 completed with no changes (files identical) 
32-bit HDTest file copy to AZ122UA9261STV at 17:42:05.37 completed with no changes (files identical) 
32-bit HDTest file copy to AZ122UA9261SZY at 17:42:17.73 completed with no changes (files identical) 
32-bit HDTest file copy to AZ12MXL02416CX at 17:42:29.87 completed with no changes (files identical) 
32-bit HDTest file copy to AZ12MXL2011BJS at 17:42:41.81 completed with no changes (files identical) 
32-bit HDTest file copy to AZ12MXL2331FMT at 17:42:50.29 completed with no changes (files identical) 
32-bit HDTest file copy to AZ12MXL9281G6H at 17:43:03.31 completed with no changes (files identical) 
Finished processing at 17:43:03.33 
32-bit Harley file copy to AZ122UA01012Y1 at 17:45:46.17 completed with no changes (files identical) 
32-bit Harley file copy to AZ122UA71810K0 at 17:46:06.10 completed with no changes (files identical) 
32-bit Harley file copy to AZ122UA8220FJ4 at 17:46:19.76 completed with no changes (files identical) 
32-bit Harley file copy to AZ122UA9261STV at 17:46:32.43 completed with no changes (files identical) 
32-bit Harley file copy to AZ122UA9261SZY at 17:46:44.86 completed with no changes (files identical) 
32-bit Harley file copy to AZ12MXL9281G6H at 17:46:54.07 completed with no errors. 
Finished processing at 17:46:54.07 
32-bit Harley file copy to AZ12MXL02416CX at 17:46:57.92 completed with no changes (files identical) 
32-bit Harley file copy to AZ12MXL2011BJS at 17:47:09.67 completed with no changes (files identical) 
32-bit Harley file copy to AZ12MXL2331FMT at 17:48:12.14 completed with no errors. 
32-bit Harley file copy to AZ12MXL9281G6H at 17:48:24.96 completed with no changes (files identical) 
Finished processing at 17:48:24.97 
