Starting batch on Tue 07/18/17  AZ07
32-bit Harley file copy successful to AZ07MXL00518FQ at 13:44:15.99 with result 1 
32-bit Harley file copy successful to AZ072UA3240NG9 at 13:46:42.54 with result 1 
32-bit Harley file copy successful to AZ072UA02320D2 at 13:48:55.91 with result 1 
32-bit Harley file copy successful to AZ072UA0100JK5 at 13:51:11.19 with result 1 
32-bit Harley file copy successful to AZ072UA0321MHY at 13:53:30.96 with result 1 
32-bit Harley file copy successful to AZ072UA0421Y88 at 13:55:52.51 with result 1 
32-bit Harley file copy successful to AZ072UA033028P at 13:58:06.63 with result 1 
32-bit Harley file copy successful to AZ072UA9261SZJ at 14:00:30.35 with result 1 
64-bit Harley file copy successful to AZ072UA0311RV5 at 14:02:52.41 with result 1 
32-bit Harley file copy successful to AZ07MXL9480JH7 at 14:03:11.02 with result 1 
64-bit Harley file copy successful to AZ072UA1321LGG at 14:05:37.85 with result 1 
32-bit Harley file copy successful to AZ072UA02402WF at 14:08:19.19 with result 1 
32-bit Harley file copy successful to AZ07MXL9480D4T at 14:08:39.27 with result 0 
32-bit Harley file copy successful to AZ072UA0240LT at 14:11:12.04 with result 1 
64-bit Harley file copy successful to AZ07MXL24709YB at 14:13:36.13 with result 1 
32-bit Harley file copy successful to AZ07MXL2380X5S at 14:15:56.85 with result 1 
64-bit Harley file copy successful to AZ07MXL1230J7Z at 14:18:17.15 with result 1 
64-bit Harley file copy successful to AZ07MXL2281M2Q at 14:20:38.74 with result 1 
32-bit Harley file copy successful to AZ072UA023205N at 14:23:03.22 with result 1 
32-bit Harley file copy successful to AZ07MXL9040LVG at 14:25:35.92 with result 1 
64-bit Harley file copy successful to RNSSFZ9MG22 at 14:39:59.07 with result 1 
32-bit Harley file copy successful to AZ07MXL2470C2Q at 14:42:23.99 with result 1 
32-bit Harley file copy successful to AZ072UA1131VGN at 14:44:59.82 with result 1 
64-bit Harley file copy successful to AZ072UA3411W6P at 14:47:23.46 with result 1 
32-bit Harley file copy successful to AZ072UA0311GY9 at 14:49:47.83 with result 1 
32-bit Harley file copy successful to AZ072UA02320BD at 14:52:18.98 with result 1 
Finished processing at 14:52:19.20 
 
Starting batch on Tue 07/18/17 AZ07Acct
32-bit ?????? file copy successful to AZ07MXL9140329 at 15:50:26.15 with result 1 
32-bit Metric file copy successful to AZ07MXL00518FQ at 16:31:42.46 with result 1 
32-bit Metric file copy successful to AZ072UA9261SZJ at 16:33:49.42 with result 1 
32-bit Metric file copy successful to AZ07MXL9480JH7 at 16:36:04.90 with result 1 
32-bit Metric file copy successful to AZ072UA02402WF at 16:38:18.60 with result 1 
64-bit Metric file copy successful to AZ07MXL1230J7Z at 16:40:33.05 with result 1 
64-bit Metric file copy successful to AZ07MXL2281M2Q at 16:42:43.91 with result 1 
32-bit Metric file copy successful to AZ07MXL9040LVG at 16:44:56.96 with result 1 
32-bit Metric file copy successful to AZ072UA1131VGN at 16:47:03.58 with result 1 
32-bit Metric file copy successful to AZ072UA0311GY9 at 16:49:12.13 with result 1 
Finished processing at 16:49:12.24 
 
Starting batch on Thu 07/20/17 
64-bit Harley file copy successful to AZ07MXL24709ZX at  8:58:36.99 with result 1 
64-bit Harley file copy successful to AZ072UA0491QZM at  9:00:55.79 with result 1 
Finished processing at  9:00:55.80 
 
Starting batch on Tue 07/18/17 
64-bit Metric file copy successful to rnssfz9mg22 at 17:23:30.91 with result 1 
Finished processing at 17:25:45.09 
 
Starting batch on Tue 07/18/17 
32-bit Harley file copy successful to AZ072UA0100YF1 at 17:29:44.02 with result 1 
32-bit Harley file copy successful to AZ072UA0101313 at 17:30:06.95 with result 3 
64-bit Harley file copy successful to AZ072UA0121FF9 at 17:32:09.76 with result 1 
32-bit Harley file copy successful to AZ072UA02607Z9 at 17:34:15.46 with result 1 
32-bit Harley file copy successful to AZ072UA0261LCP at 17:36:21.60 with result 1 
32-bit Harley file copy successful to AZ072UA0261M38 at 17:38:28.49 with result 1 
32-bit Harley file copy successful to AZ072UA1140JGF at 17:40:36.86 with result 1 
64-bit Harley file copy successful to AZ072UA9251J6N at 17:42:44.91 with result 1 
32-bit Harley file copy successful to AZ072UA9251Q0G at 17:44:55.72 with result 1 
32-bit Harley file copy successful to AZ072UA92701Z6 at 17:47:02.53 with result 1 
64-bit Harley file copy successful to AZ072UA92906KC at 17:49:21.83 with result 1 
32-bit Harley file copy successful to AZ072UA93601WZ at 17:51:25.00 with result 1 
32-bit Harley file copy successful to AZ072UA9510YS8 at 17:53:29.57 with result 1 
32-bit Harley file copy successful to AZ07MXL0091DQW at 17:55:35.54 with result 1 
64-bit Harley file copy successful to AZ07MXL0151Z7Z at 17:57:37.66 with result 1 
32-bit Harley file copy successful to AZ07MXL0340P5N at 17:59:46.13 with result 1 
32-bit Harley file copy successful to AZ07MXL0450K5D at 18:01:57.26 with result 1 
32-bit Harley file copy successful to AZ07MXL1122C4H at 18:04:07.51 with result 1 
32-bit Harley file copy successful to AZ07MXL1161LSP at 18:06:14.49 with result 1 
64-bit Harley file copy successful to AZ07MXL1230J8X at 18:08:19.90 with result 1 
64-bit Harley file copy successful to AZ07MXL15110SY at 18:10:25.15 with result 1 
64-bit Harley file copy successful to AZ07MXL24709VX at 18:12:31.96 with result 1 
32-bit Harley file copy successful to AZ07MXL9210HKS at 18:14:51.73 with result 1 
Finished processing at 18:14:51.75 
 
Starting batch on Thu 07/20/17 
32-bit Harley file copy successful to AZ07MXL9480D4T at 11:58:08.68 with result 3 
Finished processing at 11:58:08.68 
32-bit Metric file copy successful to AZ07MXL9480D4T at 11:59:37.11 with result 1 
Finished processing at 11:59:37.12 

Starting batch on Sat 07/22/17 13:47:45.63 for HD Accounting 
32-bit MeTest file copy to AZ072UA02402WF at 13:50:31.04 completed with no errors. 
32-bit HDTest file copy to AZ072UA02402WF at 13:52:38.72 completed with no errors. 
32-bit MeTest file copy to AZ072UA0311GY9 at 13:53:11.79 completed with no errors. 
32-bit HDTest file copy to AZ072UA0311GY9 at 13:55:00.87 completed with no errors. 
Finished processing at 13:55:00.88 

 
Starting batch on Tue 07/25/17 17:43:16.55 for az07acct 
 
Starting batch on Tue 07/25/17 17:44:07.37 for AZ07acct 
 
Starting batch on Tue 07/25/17 17:45:57.02 for AZ07Acct 
32-bit Metric file copy to AZ072UA02402WF at 17:46:22.80 completed with no changes (files identical) 
32-bit Metric file copy to AZ072UA0311GY9 at 17:46:41.99 completed with no changes (files identical) 
64-bit Metric file copy to AZ072UA0311RV5 at 17:48:04.57 completed with no errors. 
Finished processing at 17:48:04.59 
 
Starting batch on Tue 07/25/17 17:54:01.40 for AZ07ACCT 
32-bit Metric file copy to AZ072UA02402WF at 17:54:17.31 completed with no changes (files identical) 
32-bit Metric file copy to AZ072UA0311GY9 at 17:54:28.59 completed with no changes (files identical) 
 
Starting batch on Tue 07/25/17 17:54:32.55 for AZ07acct 
64-bit Metric file copy to AZ072UA0311RV5 at 17:54:39.75 completed with no changes (files identical) 
Finished processing at 17:54:39.75 
 
Starting batch on Tue 07/25/17 17:54:57.54 for AZ07ACCT 
32-bit MeTest file copy to AZ072UA02402WF at 17:54:58.11 completed with no changes (files identical) 
32-bit MeTest file copy to AZ072UA0311GY9 at 17:55:10.85 completed with no changes (files identical) 
32-bit HDTest file copy to AZ072UA02402WF at 17:55:15.20 completed with no changes (files identical) 
32-bit HDTest file copy to AZ072UA0311GY9 at 17:55:26.12 completed with no changes (files identical) 
64-bit MeTest file copy to AZ072UA0311RV5 at 17:56:36.58 completed with no errors. 
Finished processing at 17:56:36.59 
64-bit HDTest file copy to AZ072UA0311RV5 at 17:56:48.73 completed with no errors. 
Finished processing at 17:56:48.73 
 
Starting batch on Tue 07/25/17 17:57:40.36 for AZ07acct 
 
Starting batch on Tue 07/25/17 17:57:54.54 for AZ07ACCT 
 
Starting batch on Tue 07/25/17 17:59:27.76 for AZ07acct 
 
Starting batch on Tue 07/25/17 17:59:36.49 for AZ07Acct 
32-bit HDTest file copy to AZ072UA02402WF at 17:59:56.86 completed with no changes (files identical) 
32-bit MeTest file copy to AZ072UA02402WF at 17:59:57.38 completed with no changes (files identical) 
32-bit MeTest file copy to AZ072UA0311GY9 at 18:00:07.45 completed with no changes (files identical) 
32-bit HDTest file copy to AZ072UA0311GY9 at 18:00:08.05 completed with no changes (files identical) 
64-bit MeTest file copy to AZ072UA0311RV5 at 18:00:18.58 completed with no changes (files identical) 
64-bit HDTest file copy to AZ072UA0311RV5 at 18:00:19.20 completed with no changes (files identical) 
32-bit HDTest file copy to AZ072UA1131VGN at 18:01:54.23 completed with no errors. 
32-bit MeTest file copy to AZ072UA1131VGN at 18:01:57.86 completed with no errors. 
32-bit MeTest file copy to AZ072UA9261SZJ at 18:03:31.53 completed with no errors. 
32-bit HDTest file copy to AZ07MXL00518FQ at 18:03:35.11 completed with no errors. 
32-bit MeTest file copy to AZ07MXL00518FQ at 18:04:51.43 completed with no errors. 
64-bit HDTest file copy to AZ07MXL1230J7Z at 18:05:11.63 completed with no errors. 
64-bit MeTest file copy to AZ07MXL1230J7Z at 18:06:13.38 completed with no errors. 
64-bit HDTest file copy to AZ07MXL2281M2Q at 18:06:44.57 completed with no errors. 
64-bit MeTest file copy to AZ07MXL2281M2Q at 18:07:28.16 completed with no errors. 
32-bit HDTest file copy to AZ07MXL9040LVG at 18:08:23.08 completed with no errors. 
32-bit MeTest file copy to AZ07MXL9040LVG at 18:08:32.74 completed with no errors. 
32-bit MeTest file copy to AZ07MXL9140329 at 18:09:59.05 completed with no errors. 
32-bit HDTest file copy to AZ07MXL9140329 at 18:09:59.30 completed with no errors. 
32-bit MeTest file copy to AZ07MXL9480D4T at 18:11:35.97 completed with no errors. 
32-bit HDTest file copy to AZ07MXL9480D4T at 18:11:36.34 completed with no errors. 
32-bit MeTest file copy to AZ07MXL9480JH7 at 18:13:12.78 completed with no errors. 
Finished processing at 18:13:12.78 
32-bit HDTest file copy to AZ07MXL9480JH7 at 18:13:13.17 completed with no errors. 
Finished processing at 18:13:13.18 
 
Starting batch on Thu 07/27/17 16:06:35.78 (test) 
32-bit HDTest file copy to AZ072UA02402WF at 16:07:09.49 completed with no errors. 
32-bit HDTest file copy to AZ072UA0311GY9 at 16:07:23.59 completed with extra files detected in destination. Missing files copied. 
