Starting batch on Thu 07/20/17 
32-bit MTest  file copy successful to AZH1MXL9390CVW at 23:06:44.02 with result 0 
 
32-bit Harley file copy successful to AZH1MXL9390CVW at 10:50:15.66 with result 1 
32-bit Harley file copy successful to AZH12UA0231YYC at 10:50:27.64 with result 2 
Finished processing at 10:50:27.65 
 
Starting batch on Fri 07/21/17 RNSS TEST
32-bit Metric file copy successful to AZH1MXL9390CVW at 10:52:13.70 with result 3 
32-bit Harley file copy successful to AZH1MXL9390CVW at 10:52:23.12 with result 0 
32-bit MeTest file copy successful to AZH1MXL9390CVW at 10:52:32.81 with result 0 
32-bit HDTest file copy successful to AZH1MXL9390CVW at 10:53:36.39 with result 1 
32-bit Metric file copy successful to AZH12UA0231YYC at 10:53:47.83 with result 2 
32-bit Harley file copy successful to AZH12UA0231YYC at 10:53:57.45 with result 2 
32-bit MeTest file copy successful to AZH12UA0231YYC at 10:55:07.32 with result 1 
32-bit HDTest file copy successful to AZH12UA0231YYC at 10:56:06.37 with result 1 
32-bit Metric file copy successful to AZH1MXL1230DT9 at 11:04:57.43 with result 3 
32-bit Harley file copy successful to AZH1MXL1230DT9 at 11:05:09.80 with result 2 
32-bit MeTest file copy successful to AZH1MXL1230DT9 at 11:06:21.79 with result 1 
32-bit HDTest file copy successful to AZH1MXL1230DT9 at 11:07:22.70 with result 1 
64-bit Metric file copy successful to AZH12UA0030GZH at 11:07:31.81 with result 2 
64-bit Harley file copy successful to AZH12UA0030GZH at 11:07:39.12 with result 0 
64-bit MeTest file copy successful to AZH12UA0030GZH at 11:08:44.22 with result 1 
64-bit HDTest file copy successful to AZH12UA0030GZH at 11:09:40.56 with result 1 
32-bit Metric file copy successful to AZH1MXL12009ZQ at 11:10:57.02 with result 1 
32-bit Harley file copy successful to AZH1MXL12009ZQ at 11:12:00.24 with result 1 
32-bit MeTest file copy successful to AZH1MXL12009ZQ at 11:13:03.24 with result 1 
32-bit HDTest file copy successful to AZH1MXL12009ZQ at 11:14:10.36 with result 1 
32-bit Metric file copy successful to AZH12UA9251J2Y at 11:15:27.97 with result 1 
32-bit Harley file copy successful to AZH12UA9251J2Y at 11:16:37.34 with result 1 
32-bit MeTest file copy successful to AZH12UA9251J2Y at 11:17:44.76 with result 1 
32-bit HDTest file copy successful to AZH12UA9251J2Y at 11:18:47.24 with result 1 
64-bit Metric file copy successful to AZH1MXL02608ZT at 11:18:59.58 with result 2 
64-bit Harley file copy successful to AZH1MXL02608ZT at 11:20:13.05 with result 1 
64-bit MeTest file copy successful to AZH1MXL02608ZT at 11:21:14.45 with result 1 
64-bit HDTest file copy successful to AZH1MXL02608ZT at 11:22:15.60 with result 1 
64-bit Metric file copy successful to AZH1MXL0161FMJ at 11:45:19.06 with result 2 
64-bit Harley file copy successful to AZH1MXL0161FMJ at 11:45:28.01 with result 0 
64-bit MeTest file copy successful to AZH1MXL0161FMJ at 11:46:27.97 with result 1 
64-bit HDTest file copy successful to AZH1MXL0161FMJ at 11:47:27.93 with result 1 
64-bit Metric file copy successful to AZH1MXL2470C4C at 11:47:45.41 with result 3 
64-bit Harley file copy successful to AZH1MXL2470C4C at 11:47:54.75 with result 2 
64-bit MeTest file copy successful to AZH1MXL2470C4C at 11:49:02.06 with result 1 
64-bit HDTest file copy successful to AZH1MXL2470C4C at 11:49:59.61 with result 1 
32-bit Metric file copy successful to AZH12UA9251HQP at 13:20:05.57 with result 3 
32-bit Harley file copy successful to AZH12UA9251HQP at 13:21:16.72 with result 1 
32-bit MeTest file copy successful to AZH12UA9251HQP at 13:22:14.19 with result 1 
32-bit HDTest file copy successful to AZH12UA9251HQP at 13:23:18.65 with result 1 
32-bit Metric file copy successful to AZH12UA0321MJ2 at 13:23:38.58 with result 3 
32-bit Harley file copy successful to AZH12UA0321MJ2 at 13:23:48.69 with result 2 
32-bit MeTest file copy successful to AZH12UA0321MJ2 at 13:24:52.85 with result 1 

Starting batch on Fri 07/21/17 
32-bit Metric file copy successful to AZH12UA0321MJ2 at 13:35:33.08 with result 2 
32-bit Harley file copy successful to AZH12UA0321MJ2 at 13:35:43.61 with result 2 
32-bit MeTest file copy successful to AZH12UA0321MJ2 at 13:35:53.77 with result 0 
32-bit HDTest file copy successful to AZH12UA0321MJ2 at 13:36:55.35 with result 1 
64-bit Metric file copy successful to RNSSMXL2470BGF at 13:37:12.00 with result 3 
64-bit Harley file copy successful to RNSSMXL2470BGF at 13:38:24.41 with result 1 
64-bit MeTest file copy successful to RNSSMXL2470BGF at 13:39:25.93 with result 1 
64-bit HDTest file copy successful to RNSSMXL2470BGF at 13:40:26.09 with result 1 
64-bit Metric file copy successful to AZH1MXL0151YB4 at 13:40:41.64 with result 2 
64-bit Harley file copy successful to AZH1MXL0151YB4 at 13:41:54.96 with result 1 
64-bit MeTest file copy successful to AZH1MXL0151YB4 at 13:42:51.17 with result 1 
64-bit HDTest file copy successful to AZH1MXL0151YB4 at 13:43:49.24 with result 1 
32-bit Metric file copy successful to AZH1MXL91706GY at 13:44:10.24 with result 3 
32-bit Harley file copy successful to AZH1MXL91706GY at 13:45:20.91 with result 1 
32-bit MeTest file copy successful to AZH1MXL91706GY at 13:46:21.13 with result 1 
32-bit HDTest file copy successful to AZH1MXL91706GY at 13:47:22.40 with result 1 
32-bit Metric file copy successful to AZH12UA92602SM at 13:47:32.78 with result 3 
32-bit Harley file copy successful to AZH12UA92602SM at 13:48:41.98 with result 1 
32-bit MeTest file copy successful to AZH12UA92602SM at 13:49:41.38 with result 1 
32-bit HDTest file copy successful to AZH12UA92602SM at 13:50:39.07 with result 1 
32-bit Metric file copy successful to AZH1MXL044202F at 13:50:58.61 with result 3 
32-bit Harley file copy successful to AZH1MXL044202F at 13:52:09.18 with result 1 
32-bit MeTest file copy successful to AZH1MXL044202F at 13:53:09.97 with result 1 
32-bit HDTest file copy successful to AZH1MXL044202F at 13:54:09.94 with result 1 
64-bit Harley file copy successful to RNSSMXL2470C36 at 13:55:21.06 with result 1 
64-bit MeTest file copy successful to RNSSMXL2470C36 at 13:56:18.98 with result 1 
64-bit HDTest file copy successful to RNSSMXL2470C36 at 13:57:16.62 with result 1 
64-bit Metric file copy successful to RNSS2UA3411W5S at 13:57:36.02 with result 3 
64-bit Harley file copy successful to RNSS2UA3411W5S at 13:58:49.92 with result 1 
64-bit MeTest file copy successful to RNSS2UA3411W5S at 13:59:53.46 with result 1 
64-bit HDTest file copy successful to RNSS2UA3411W5S at 14:00:54.18 with result 1 
32-bit Metric file copy successful to AZH1MXL0151F3H at 14:01:54.27 with result 1 
32-bit Harley file copy successful to AZH1MXL0151F3H at 14:02:46.45 with result 1 
32-bit MeTest file copy successful to AZH1MXL0151F3H at 14:03:36.81 with result 1 
32-bit HDTest file copy successful to AZH1MXL0151F3H at 14:04:29.83 with result 1 
64-bit Metric file copy successful to AZH1MXL11710S2 at 14:04:50.86 with result 3 
64-bit Harley file copy successful to AZH1MXL11710S2 at 14:06:03.83 with result 1 
64-bit MeTest file copy successful to AZH1MXL11710S2 at 14:07:04.53 with result 1 
64-bit HDTest file copy successful to AZH1MXL11710S2 at 14:08:05.70 with result 1 
32-bit Metric file copy successful to AZH12UA0030H3N at 14:09:16.40 with result 1 
32-bit Harley file copy successful to AZH12UA0030H3N at 14:10:17.66 with result 1 
32-bit MeTest file copy successful to AZH12UA0030H3N at 14:11:21.60 with result 1 
32-bit HDTest file copy successful to AZH12UA0030H3N at 14:12:25.31 with result 1 
32-bit Metric file copy successful to AZH12UA14506CK at 14:13:42.27 with result 1 
32-bit Harley file copy successful to AZH12UA14506CK at 14:14:48.49 with result 1 
32-bit MeTest file copy successful to AZH12UA14506CK at 14:15:52.37 with result 1 
32-bit HDTest file copy successful to AZH12UA14506CK at 14:16:56.35 with result 1 
64-bit Metric file copy successful to AZH1MXL20119RK at 14:18:19.22 with result 1 
64-bit Harley file copy successful to AZH1MXL20119RK at 14:19:31.02 with result 1 
64-bit MeTest file copy successful to AZH1MXL20119RK at 14:20:39.54 with result 1 
64-bit HDTest file copy successful to AZH1MXL20119RK at 14:21:50.23 with result 1 
32-bit Metric file copy successful to AZH1MXL9480D39 at 14:23:04.55 with result 1 
32-bit Harley file copy successful to AZH1MXL9480D39 at 14:24:12.73 with result 1 
32-bit MeTest file copy successful to AZH1MXL9480D39 at 14:25:19.66 with result 1 
32-bit HDTest file copy successful to AZH1MXL9480D39 at 14:26:25.35 with result 1 
64-bit Metric file copy successful to RNSS2UA33226P1 at 14:26:46.90 with result 3 
64-bit Harley file copy successful to RNSS2UA33226P1 at 14:27:58.58 with result 1 
64-bit MeTest file copy successful to RNSS2UA33226P1 at 14:28:59.47 with result 1 
64-bit HDTest file copy successful to RNSS2UA33226P1 at 14:29:58.86 with result 1 
64-bit Metric file copy successful to RNSS4MJP612 at 14:31:17.26 with result 1 
64-bit Harley file copy successful to RNSS4MJP612 at 14:32:18.55 with result 1 
64-bit MeTest file copy successful to RNSS4MJP612 at 14:33:18.47 with result 1 
64-bit HDTest file copy successful to RNSS4MJP612 at 14:34:18.70 with result 1 
32-bit Metric file copy successful to AZH1MXL0030PR2 at 14:35:41.14 with result 1 
32-bit Harley file copy successful to AZH1MXL0030PR2 at 14:36:44.49 with result 1 
32-bit MeTest file copy successful to AZH1MXL0030PR2 at 14:37:43.94 with result 1 
32-bit HDTest file copy successful to AZH1MXL0030PR2 at 14:38:47.13 with result 1 
32-bit Metric file copy successful to AZH1MXL9140JL0 at 14:39:59.63 with result 1 
32-bit Harley file copy successful to AZH1MXL9140JL0 at 14:41:01.54 with result 1 
32-bit MeTest file copy successful to AZH1MXL9140JL0 at 14:42:05.46 with result 1 
32-bit HDTest file copy successful to AZH1MXL9140JL0 at 14:43:09.43 with result 1 
32-bit Metric file copy successful to AZH1MXL0481D0C at 14:44:27.28 with result 1 
32-bit Harley file copy successful to AZH1MXL0481D0C at 14:45:35.27 with result 1 
32-bit MeTest file copy successful to AZH1MXL0481D0C at 14:46:38.03 with result 1 
32-bit HDTest file copy successful to AZH1MXL0481D0C at 14:47:38.57 with result 1 
32-bit Metric file copy successful to AZH1MXL0481D25 at 14:49:01.68 with result 1 
32-bit Harley file copy successful to AZH1MXL0481D25 at 14:50:02.11 with result 1 
32-bit MeTest file copy successful to AZH1MXL0481D25 at 14:51:03.20 with result 1 
32-bit HDTest file copy successful to AZH1MXL0481D25 at 14:52:46.09 with result 1 
64-bit Metric file copy successful to RNSSMXL2470BRN at 14:53:57.91 with result 1 
64-bit Harley file copy successful to RNSSMXL2470BRN at 14:55:01.43 with result 1 
64-bit MeTest file copy successful to RNSSMXL2470BRN at 14:56:05.51 with result 1 
64-bit HDTest file copy successful to RNSSMXL2470BRN at 14:57:06.40 with result 1 
32-bit Metric file copy successful to AZH12UA23705P6 at 14:58:16.22 with result 1 
32-bit Harley file copy successful to AZH12UA23705P6 at 14:59:13.31 with result 1 
32-bit MeTest file copy successful to AZH12UA23705P6 at 15:00:08.83 with result 1 
32-bit HDTest file copy successful to AZH12UA23705P6 at 15:01:03.45 with result 1 
64-bit Metric file copy successful to RNSSHX8C2C2 at 15:01:20.20 with result 3 
64-bit Harley file copy successful to RNSSHX8C2C2 at 15:02:19.85 with result 1 
64-bit MeTest file copy successful to RNSSHX8C2C2 at 15:03:12.05 with result 1 
64-bit HDTest file copy successful to RNSSHX8C2C2 at 15:04:03.12 with result 1 
32-bit Metric file copy successful to AZH12UA0261L84 at 15:05:17.64 with result 1 
32-bit Harley file copy successful to AZH12UA0261L84 at 15:06:20.37 with result 1 
32-bit MeTest file copy successful to AZH12UA0261L84 at 15:07:22.08 with result 1 
32-bit HDTest file copy successful to AZH12UA0261L84 at 15:08:24.37 with result 1 
32-bit Metric file copy successful to AZH12UA9260F6Q at 15:08:43.21 with result 3 
32-bit Harley file copy successful to AZH12UA9260F6Q at 15:09:48.45 with result 1 
32-bit MeTest file copy successful to AZH12UA9260F6Q at 15:10:45.90 with result 1 
32-bit HDTest file copy successful to AZH12UA9260F6Q at 15:11:46.75 with result 1 
64-bit Metric file copy successful to RNSSMXL24709PW at 15:12:59.78 with result 1 
64-bit Harley file copy successful to RNSSMXL24709PW at 15:14:04.64 with result 1 
64-bit Metric file copy successful to AZH1MXL12302JJ at 15:15:22.20 with result 1 
64-bit Harley file copy successful to AZH1MXL12302JJ at 15:16:23.65 with result 1 
64-bit MeTest file copy successful to AZH1MXL12302JJ at 15:17:24.60 with result 1 
64-bit HDTest file copy successful to AZH1MXL12302JJ at 15:18:27.37 with result 1 
64-bit Metric file copy successful to AZH1MXL209023G at 15:19:38.39 with result 1 
64-bit Harley file copy successful to AZH1MXL209023G at 15:20:42.76 with result 1 
64-bit MeTest file copy successful to AZH1MXL209023G at 15:21:46.36 with result 1 
64-bit HDTest file copy successful to AZH1MXL209023G at 15:22:44.90 with result 1 
64-bit Metric file copy successful to RNSSMXL0470CB9 at 15:23:57.52 with result 1 
64-bit Harley file copy successful to RNSSMXL0470CB9 at 15:25:11.27 with result 1 
64-bit MeTest file copy successful to RNSSMXL0470CB9 at 15:26:11.69 with result 1 
64-bit HDTest file copy successful to RNSSMXL0470CB9 at 15:27:11.33 with result 1 
64-bit Metric file copy successful to AZH12UA145056H at 15:28:17.59 with result 1 
64-bit Harley file copy successful to AZH12UA145056H at 15:29:14.06 with result 1 
64-bit MeTest file copy successful to AZH12UA145056H at 15:30:11.13 with result 1 
64-bit HDTest file copy successful to AZH12UA145056H at 15:31:12.00 with result 1 
64-bit Metric file copy successful to RNSS2UA3411W6C at 15:32:25.28 with result 1 
64-bit Harley file copy successful to RNSS2UA3411W6C at 15:33:28.77 with result 1 
64-bit MeTest file copy successful to RNSS2UA3411W6C at 15:34:31.64 with result 1 
64-bit HDTest file copy successful to RNSS2UA3411W6C at 15:35:35.39 with result 1 
64-bit Metric file copy successful to AZH1MXL2470BZ0 at 15:36:48.63 with result 1 
64-bit Harley file copy successful to AZH1MXL2470BZ0 at 15:37:53.45 with result 1 
64-bit MeTest file copy successful to AZH1MXL2470BZ0 at 15:38:54.55 with result 1 
64-bit HDTest file copy successful to AZH1MXL2470BZ0 at 15:39:54.97 with result 1 
32-bit Metric file copy successful to AZH1MXL9390CV1 at 15:41:05.62 with result 1 
32-bit Harley file copy successful to AZH1MXL9390CV1 at 15:42:08.52 with result 1 
32-bit MeTest file copy successful to AZH1MXL9390CV1 at 15:43:09.87 with result 1 
32-bit HDTest file copy successful to AZH1MXL9390CV1 at 15:44:12.66 with result 1 
64-bit Metric file copy successful to AZH1MXL0151Z62 at 15:45:23.85 with result 1 
64-bit Harley file copy successful to AZH1MXL0151Z62 at 15:46:24.24 with result 1 
64-bit MeTest file copy successful to AZH1MXL0151Z62 at 15:47:25.94 with result 1 
64-bit HDTest file copy successful to AZH1MXL0151Z62 at 15:48:24.41 with result 1 
32-bit Metric file copy successful to AZH12UA0080V9S at 15:49:32.16 with result 1 
32-bit Harley file copy successful to AZH12UA0080V9S at 15:50:34.56 with result 1 
32-bit MeTest file copy successful to AZH12UA0080V9S at 15:51:34.55 with result 1 
32-bit HDTest file copy successful to AZH12UA0080V9S at 15:52:34.42 with result 1 
64-bit Metric file copy successful to RNSS2UA2431DC5 at 15:53:45.65 with result 1 
64-bit Harley file copy successful to RNSS2UA2431DC5 at 15:54:46.76 with result 1 
64-bit MeTest file copy successful to RNSS2UA2431DC5 at 15:55:44.65 with result 1 
64-bit HDTest file copy successful to RNSS2UA2431DC5 at 15:56:44.57 with result 1 
64-bit Metric file copy successful to AZH12UA0100X74 at 15:57:56.25 with result 1 
64-bit Harley file copy successful to AZH12UA0100X74 at 15:58:55.31 with result 1 
64-bit MeTest file copy successful to AZH12UA0100X74 at 15:59:52.39 with result 1 
64-bit HDTest file copy successful to AZH12UA0100X74 at 16:00:50.01 with result 1 
64-bit Metric file copy successful to RNSSMXL1461275 at 16:02:23.26 with result 1 
64-bit Harley file copy successful to RNSSMXL1461275 at 16:03:28.88 with result 1 
64-bit MeTest file copy successful to RNSSMXL1461275 at 16:04:36.77 with result 1 
64-bit HDTest file copy successful to RNSSMXL1461275 at 16:05:45.38 with result 1 
32-bit Metric file copy successful to AZH12UA0010YNT at 16:07:00.17 with result 1 
32-bit Harley file copy successful to AZH12UA0010YNT at 16:07:59.36 with result 1 
32-bit MeTest file copy successful to AZH12UA0010YNT at 16:08:59.09 with result 1 
32-bit HDTest file copy successful to AZH12UA0010YNT at 16:09:59.71 with result 1 
64-bit Metric file copy successful to AZH1MXL0151YCC at 16:11:19.95 with result 1 
64-bit Harley file copy successful to AZH1MXL0151YCC at 16:12:27.34 with result 1 
64-bit MeTest file copy successful to AZH1MXL0151YCC at 16:13:29.75 with result 1 
64-bit HDTest file copy successful to AZH1MXL0151YCC at 16:14:31.98 with result 1 
32-bit Metric file copy successful to AZH12UA0100YP1 at 16:15:44.63 with result 1 
32-bit Harley file copy successful to AZH12UA0100YP1 at 16:17:05.98 with result 1 
32-bit MeTest file copy successful to AZH12UA0100YP1 at 16:18:30.66 with result 1 
32-bit HDTest file copy successful to AZH12UA0100YP1 at 16:19:59.40 with result 1 
32-bit Metric file copy successful to AZH1MXL93107Y5 at 16:22:05.57 with result 1 
32-bit Harley file copy successful to AZH1MXL93107Y5 at 16:23:42.90 with result 1 
32-bit MeTest file copy successful to AZH1MXL93107Y5 at 16:25:09.64 with result 1 
32-bit HDTest file copy successful to AZH1MXL93107Y5 at 16:26:52.79 with result 1 
32-bit Metric file copy successful to AZH1MXL0240PCP at 16:27:52.90 with result 3 
32-bit Harley file copy successful to AZH1MXL0240PCP at 16:29:38.58 with result 1 
32-bit MeTest file copy successful to AZH1MXL0240PCP at 16:31:04.39 with result 1 
32-bit HDTest file copy successful to AZH1MXL0240PCP at 16:32:29.13 with result 1 
64-bit Metric file copy successful to RNSS2UA9260125 at 16:34:06.14 with result 1 
64-bit Harley file copy successful to RNSS2UA9260125 at 16:35:34.20 with result 1 
64-bit MeTest file copy successful to RNSS2UA9260125 at 16:37:03.96 with result 1 
64-bit HDTest file copy successful to RNSS2UA9260125 at 16:38:31.71 with result 1 
32-bit Metric file copy successful to AZH12UA93601TG at 16:40:11.62 with result 1 
32-bit Harley file copy successful to AZH12UA93601TG at 16:41:43.66 with result 1 
32-bit MeTest file copy successful to AZH12UA93601TG at 16:43:12.87 with result 1 
32-bit HDTest file copy successful to AZH12UA93601TG at 16:44:48.33 with result 1 
32-bit Metric file copy successful to AZH12UA1450WTC at 16:46:39.00 with result 1 
32-bit Harley file copy successful to AZH12UA1450WTC at 16:48:13.05 with result 1 
32-bit MeTest file copy successful to AZH12UA1450WTC at 16:49:45.86 with result 1 
32-bit HDTest file copy successful to AZH12UA1450WTC at 16:51:16.00 with result 1 
64-bit Metric file copy successful to RNSS2UA62336GX at 16:52:21.58 with result 0 
64-bit Harley file copy successful to RNSS2UA62336GX at 16:53:18.42 with result 0 
64-bit MeTest file copy successful to RNSS2UA62336GX at 16:54:22.70 with result 0 
64-bit HDTest file copy successful to RNSS2UA62336GX at 16:55:30.67 with result 0 
64-bit Metric file copy successful to RNSSMXL2470BWG at 16:56:21.34 with result 3 
64-bit Harley file copy successful to RNSSMXL2470BWG at 16:58:01.62 with result 1 
64-bit MeTest file copy successful to RNSSMXL2470BWG at 16:59:31.11 with result 1 
64-bit HDTest file copy successful to RNSSMXL2470BWG at 17:00:59.48 with result 1 
32-bit Metric file copy successful to AZH1MXL9040KMG at 17:02:30.80 with result 1 
32-bit Harley file copy successful to AZH1MXL9040KMG at 17:03:43.54 with result 1 
32-bit MeTest file copy successful to AZH1MXL9040KMG at 17:04:42.77 with result 1 
32-bit HDTest file copy successful to AZH1MXL9040KMG at 17:05:41.98 with result 1 
64-bit Metric file copy successful to RNSS2UA3411W6W at 17:06:51.96 with result 1 
64-bit Harley file copy successful to RNSS2UA3411W6W at 17:07:54.74 with result 1 
64-bit MeTest file copy successful to RNSS2UA3411W6W at 17:08:59.01 with result 1 
64-bit HDTest file copy successful to RNSS2UA3411W6W at 17:09:59.68 with result 1 
32-bit Metric file copy successful to AZH12UA9230CD2 at 17:11:12.29 with result 1 
32-bit Harley file copy successful to AZH12UA9230CD2 at 17:12:12.73 with result 1 
32-bit MeTest file copy successful to AZH12UA9230CD2 at 17:13:10.71 with result 1 
32-bit HDTest file copy successful to AZH12UA9230CD2 at 17:14:11.29 with result 1 
32-bit Metric file copy successful to AZH1MXL93100SZ at 17:15:17.13 with result 1 
32-bit Harley file copy successful to AZH1MXL93100SZ at 17:16:13.90 with result 1 
32-bit MeTest file copy successful to AZH1MXL93100SZ at 17:17:09.97 with result 1 
32-bit HDTest file copy successful to AZH1MXL93100SZ at 17:18:05.60 with result 1 
32-bit Metric file copy successful to AZH12UA93601VB at 17:19:18.65 with result 1 
32-bit Harley file copy successful to AZH12UA93601VB at 17:20:15.16 with result 1 
32-bit MeTest file copy successful to AZH12UA93601VB at 17:21:13.10 with result 1 
32-bit HDTest file copy successful to AZH12UA93601VB at 17:22:13.50 with result 1 
64-bit Metric file copy successful to AZH1MXL04115PJ at 17:22:33.53 with result 3 
64-bit Harley file copy successful to AZH1MXL04115PJ at 17:23:41.82 with result 1 
64-bit MeTest file copy successful to AZH1MXL04115PJ at 17:24:39.43 with result 1 
64-bit HDTest file copy successful to AZH1MXL04115PJ at 17:25:35.39 with result 1 
64-bit Metric file copy successful to RNSSMXL9510YTF at 17:26:41.76 with result 1 
64-bit Harley file copy successful to RNSSMXL9510YTF at 17:27:36.35 with result 1 
64-bit MeTest file copy successful to RNSSMXL9510YTF at 17:28:34.46 with result 1 
64-bit HDTest file copy successful to RNSSMXL9510YTF at 17:29:32.35 with result 1 
64-bit Metric file copy successful to RNSS2UA40412FS at 17:30:39.48 with result 1 
64-bit Harley file copy successful to RNSS2UA40412FS at 17:31:36.33 with result 1 
64-bit MeTest file copy successful to RNSS2UA40412FS at 17:32:35.23 with result 1 
64-bit HDTest file copy successful to RNSS2UA40412FS at 17:33:29.83 with result 1 
64-bit Metric file copy successful to AZH12UA9251JJN at 17:34:39.57 with result 1 
64-bit Harley file copy successful to AZH12UA9251JJN at 17:35:38.04 with result 1 
64-bit MeTest file copy successful to AZH12UA9251JJN at 17:36:35.95 with result 1 
64-bit HDTest file copy successful to AZH12UA9251JJN at 17:37:31.90 with result 1 
32-bit Metric file copy successful to AZH1MXL943272C at 17:38:38.59 with result 1 
32-bit Harley file copy successful to AZH1MXL943272C at 17:39:35.43 with result 1 
32-bit MeTest file copy successful to AZH1MXL943272C at 17:40:33.94 with result 1 
32-bit HDTest file copy successful to AZH1MXL943272C at 17:41:33.16 with result 1 
64-bit Metric file copy successful to RNSS2UA92600NN at 17:42:49.07 with result 1 
64-bit Harley file copy successful to RNSS2UA92600NN at 17:44:07.27 with result 1 
64-bit MeTest file copy successful to RNSS2UA92600NN at 17:45:26.79 with result 1 
64-bit HDTest file copy successful to RNSS2UA92600NN at 17:46:47.68 with result 1 
32-bit Metric file copy successful to AZH12UA9210QRC at 17:47:57.63 with result 1 
32-bit Harley file copy successful to AZH12UA9210QRC at 17:49:01.63 with result 1 
32-bit MeTest file copy successful to AZH12UA9210QRC at 17:50:01.26 with result 1 
32-bit HDTest file copy successful to AZH12UA9210QRC at 17:51:00.70 with result 1 
Finished processing at 17:51:00.80 
