 
Starting batch on Fri 07/21/17 for Willis admin
32-bit Metric file copy successful to AZ012UA9420X7R at 13:29:45.27 with result 1 
32-bit Harley file copy successful to AZ012UA9420X7R at 13:31:15.90 with result 1 
32-bit MeTest file copy successful to AZ012UA9420X7R at 13:32:47.26 with result 1 
32-bit HDTest file copy successful to AZ012UA9420X7R at 13:34:15.41 with result 1 
64-bit Metric file copy successful to AZ01MXL3412J4B at 13:35:49.03 with result 1 
64-bit Harley file copy successful to AZ01MXL3412J4B at 13:37:19.59 with result 1 
64-bit MeTest file copy successful to AZ01MXL3412J4B at 13:38:53.28 with result 1 
64-bit HDTest file copy successful to AZ01MXL3412J4B at 13:40:23.44 with result 1 
32-bit Metric file copy successful to AZ02Z2UA03302HB at 13:41:59.42 with result 1 
32-bit Harley file copy successful to AZ02Z2UA03302HB at 13:43:27.14 with result 1 
32-bit MeTest file copy successful to AZ02Z2UA03302HB at 13:44:59.05 with result 1 
32-bit HDTest file copy successful to AZ02Z2UA03302HB at 13:46:42.62 with result 1 
32-bit Metric file copy successful to AZH12UA1131VGJ at 13:48:14.85 with result 1 
32-bit Harley file copy successful to AZH12UA1131VGJ at 13:49:45.51 with result 1 
32-bit MeTest file copy successful to AZH12UA1131VGJ at 13:51:16.72 with result 1 
32-bit HDTest file copy successful to AZH12UA1131VGJ at 13:52:45.44 with result 1 
32-bit Metric file copy successful to AZH1MXL12009TQ at 13:54:14.21 with result 1 
32-bit Harley file copy successful to AZH1MXL12009TQ at 13:55:42.76 with result 1 
32-bit MeTest file copy successful to AZH1MXL12009TQ at 13:57:13.34 with result 1 
32-bit HDTest file copy successful to AZH1MXL12009TQ at 13:58:42.20 with result 1 
32-bit Metric file copy successful to AZH1MXL0030PL0 at 14:00:13.33 with result 1 
32-bit Harley file copy successful to AZH1MXL0030PL0 at 14:01:40.69 with result 1 
32-bit MeTest file copy successful to AZH1MXL0030PL0 at 14:03:08.87 with result 1 
32-bit HDTest file copy successful to AZH1MXL0030PL0 at 14:04:41.91 with result 1 
64-bit Metric file copy successful to AZ012UA1140JGP at 14:06:09.34 with result 1 
64-bit Harley file copy successful to AZ012UA1140JGP at 14:07:37.04 with result 1 
64-bit MeTest file copy successful to AZ012UA1140JGP at 14:09:10.85 with result 1 
64-bit HDTest file copy successful to AZ012UA1140JGP at 14:10:48.99 with result 1 
32-bit Metric file copy successful to AZH12UA92515BK at 14:12:35.20 with result 1 
32-bit Harley file copy successful to AZH12UA92515BK at 14:14:06.62 with result 1 
32-bit MeTest file copy successful to AZH12UA92515BK at 14:15:38.84 with result 1 
32-bit HDTest file copy successful to AZH12UA92515BK at 14:17:12.48 with result 1 
32-bit Metric file copy successful to AZH12UA9210QRH at 14:18:50.89 with result 1 
32-bit Harley file copy successful to AZH12UA9210QRH at 14:20:36.57 with result 1 
32-bit MeTest file copy successful to AZH12UA9210QRH at 14:22:15.07 with result 1 
32-bit HDTest file copy successful to AZH12UA9210QRH at 14:23:49.32 with result 1 
32-bit Metric file copy successful to AZH12UA1131VGS at 14:25:27.66 with result 1 
32-bit Harley file copy successful to AZH12UA1131VGS at 14:26:58.51 with result 1 
32-bit MeTest file copy successful to AZH12UA1131VGS at 14:28:30.24 with result 1 
32-bit HDTest file copy successful to AZH12UA1131VGS at 14:30:05.60 with result 1 
64-bit Metric file copy successful to AZH12UA9261SXL at 14:31:48.15 with result 1 
64-bit Harley file copy successful to AZH12UA9261SXL at 14:33:30.59 with result 1 
64-bit MeTest file copy successful to AZH12UA9261SXL at 14:35:07.13 with result 1 
64-bit HDTest file copy successful to AZH12UA9261SXL at 14:36:37.68 with result 1 
64-bit Metric file copy successful to AZH12UA14506SX at 14:36:58.76 with result 3 
64-bit Harley file copy successful to AZH12UA14506SX at 14:38:24.74 with result 1 
64-bit MeTest file copy successful to AZH12UA14506SX at 14:39:48.36 with result 1 
64-bit HDTest file copy successful to AZH12UA14506SX at 14:41:11.77 with result 1 
32-bit Metric file copy successful to AZH12UA0310VF2 at 14:42:45.59 with result 1 
32-bit Harley file copy successful to AZH12UA0310VF2 at 14:44:13.10 with result 1 
32-bit MeTest file copy successful to AZH12UA0310VF2 at 14:45:45.66 with result 1 
32-bit HDTest file copy successful to AZH12UA0310VF2 at 14:47:14.45 with result 1 
64-bit Metric file copy successful to AZH12UA14508BK at 14:47:43.25 with result 3 
64-bit Harley file copy successful to AZH12UA14508BK at 14:49:13.46 with result 1 
64-bit MeTest file copy successful to AZH12UA14508BK at 14:50:41.53 with result 1 
64-bit HDTest file copy successful to AZH12UA14508BK at 14:52:04.41 with result 1 
Finished processing at 14:52:08.64 
