AZH12UA14512ZR is offline  
AZH1MXL1111R2L is offline  
RNSS2UA623371N is offline  
RNSSPFDGR0BWJ2 is offline  
RNSSMXL is offline  
AZ122UA044011G is offline  
AZ122UA044011G is offline  
AZ122UA044011G is offline Thu 07/27/17 17:30:34.77  
AZ122UA044011G is offline Thu 07/27/17 17:31:02.29  
AZ122UA044011G is offline Thu 07/27/17 17:41:25.94  
AZ122UA044011G is offline Thu 07/27/17 17:45:50.56  
AZ01MXL3061WG2 is offline Thu 07/27/17 23:51:32.88  
AZ02MXL2150JB1 is offline Fri 07/28/17  0:16:15.55  
AZH12UA042114T is offline Fri 07/28/17  0:27:02.57  
AZ08MXL1230HLH is offline Sat 07/29/17  2:33:40.40  
AZ08MXL1230J75 is offline Sat 07/29/17  2:33:40.44  
AZ08MXL1251H69 is offline Sat 07/29/17  2:33:40.51  
AZ08MXL24709VR is offline Sat 07/29/17  2:33:40.55  
AZ08MXL2470BG5 is offline Sat 07/29/17  2:33:40.60  
AZ08MXL9210HKT is offline Sat 07/29/17  2:33:40.65  
AZ08MXL9220W66 is offline Sat 07/29/17  2:33:40.69  
AZ122UA044011G is offline Sat 07/29/17  2:33:42.79  
AZ012UA93601VL is offline Sat 07/29/17  2:57:31.62  
AZ01MXL3061WG2 is offline Sat 07/29/17  2:58:19.14  
AZ02MXL2150JB1 is offline Sat 07/29/17  2:58:45.58  
AZH12UA042114T is offline Sat 07/29/17  2:58:58.19  
